Removed Pin From Net: NetName=RFI_LF Pin=DD4-1
Removed Pin From Net: NetName=NetC14_2 Pin=DD4-2
Removed Pin From Net: NetName=+3.3V Pin=DD4-3
Removed Pin From Net: NetName=NetC16_2 Pin=DD4-4
Removed Pin From Net: NetName=NetC18_2 Pin=DD4-5
Removed Pin From Net: NetName=NetC19_2 Pin=DD4-6
Removed Pin From Net: NetName=NRESET Pin=DD4-7
Removed Pin From Net: NetName=+3.3V Pin=DD4-14
Removed Pin From Net: NetName=GND Pin=DD4-15
Removed Pin From Net: NetName=SPI_SCK Pin=DD4-16
Removed Pin From Net: NetName=SPI_MISO Pin=DD4-17
Removed Pin From Net: NetName=SPI_MOSI Pin=DD4-18
Removed Pin From Net: NetName=SPI_NSS Pin=DD4-19
Removed Pin From Net: NetName=GND Pin=DD4-23
Removed Pin From Net: NetName=+3.3V Pin=DD4-24
Removed Pin From Net: NetName=VR_PA Pin=DD4-25
Removed Pin From Net: NetName=GND Pin=DD4-26
Removed Pin From Net: NetName=RFO_LF Pin=DD4-28
Removed Pin From Net: NetName=GND Pin=DD4-29
Added Component: Designator=DD4(28-QFN (6x6))
Add component. Clean all parameters for all variants
Add component (AddParameter): Name = "Built_By"; Value = "EMA_Cory"; VariantName = "[No Variations]"
Add component (AddParameter): Name = "Copyright"; Value = "Copyright (C) 2018 Accelerated Designs. All rights reserved"; VariantName = "[No Variations]"
Add component (AddParameter): Name = "Manufacturer"; Value = "Semtech Corporation (ÑØÀ)"; VariantName = "[No Variations]"
Add component (AddParameter): Name = "PartNumber"; Value = "SX1276IMLTRT"; VariantName = "[No Variations]"
Add component (AddParameter): Name = "PrintData"; Value = "Ìèêðîñõåìà SX1276IMLTRT; Semtech Corporation (ÑØÀ)"; VariantName = "[No Variations]"
Add component (AddParameter): Name = "RefDes"; Value = "RefDes"; VariantName = "[No Variations]"
Add component (AddParameter): Name = "Type"; Value = "DEV"; VariantName = "[No Variations]"
Add component (AddParameter): Name = "Value"; Value = "Value"; VariantName = "[No Variations]"
Added Pin To Net: NetName=GND Pin=DD4-0
Added Pin To Net: NetName=GND Pin=DD4-0
Added Pin To Net: NetName=GND Pin=DD4-0
Added Pin To Net: NetName=GND Pin=DD4-0
Added Pin To Net: NetName=GND Pin=DD4-0
Added Pin To Net: NetName=GND Pin=DD4-0
Added Pin To Net: NetName=GND Pin=DD4-0
Added Pin To Net: NetName=GND Pin=DD4-0
Added Pin To Net: NetName=GND Pin=DD4-0
Added Pin To Net: NetName=GND Pin=DD4-0
Added Pin To Net: NetName=RFI_LF Pin=DD4-1
Added Pin To Net: NetName=NetC14_2 Pin=DD4-2
Added Pin To Net: NetName=+3.3V Pin=DD4-3
Added Pin To Net: NetName=NetC16_2 Pin=DD4-4
Added Pin To Net: NetName=NetC18_2 Pin=DD4-5
Added Pin To Net: NetName=NetC19_2 Pin=DD4-6
Added Pin To Net: NetName=NRESET Pin=DD4-7
Added Pin To Net: NetName=+3.3V Pin=DD4-14
Added Pin To Net: NetName=GND Pin=DD4-15
Added Pin To Net: NetName=SPI_SCK Pin=DD4-16
Added Pin To Net: NetName=SPI_MISO Pin=DD4-17
Added Pin To Net: NetName=SPI_MOSI Pin=DD4-18
Added Pin To Net: NetName=SPI_NSS Pin=DD4-19
Added Pin To Net: NetName=GND Pin=DD4-23
Added Pin To Net: NetName=+3.3V Pin=DD4-24
Added Pin To Net: NetName=VR_PA Pin=DD4-25
Added Pin To Net: NetName=GND Pin=DD4-26
Added Pin To Net: NetName=RFO_LF Pin=DD4-28
Added Class: Name=Scheme
Added Room: Name=Scheme
