Change component parameters: Designator = "ZQ1"; Footprint = "XTAL_NX3225GD-8M"; UniqueID = "\DZJJPXZV"
Change component parameters. Clean all parameters for all variants
Change component parameters (AddParameter): Name = "Built_By"; Value = "EMA_Cory"; VariantName = "[No Variations]"
Change component parameters (AddParameter): Name = "Capacity"; Value = "16 п‘"; VariantName = "[No Variations]"
Change component parameters (AddParameter): Name = "Copyright"; Value = "Copyright (C) 2018 Accelerated Designs. All rights reserved"; VariantName = "[No Variations]"
Change component parameters (AddParameter): Name = "Datasheet"; Value = "https://www.ndk.com/images/products/catalog/c_NX3225GD-STD-CRA-3_e.pdf"; VariantName = "[No Variations]"
Change component parameters (AddParameter): Name = "Manufacturer"; Value = "NDK America (—Ўј)"; VariantName = "[No Variations]"
Change component parameters (AddParameter): Name = "PartNumber"; Value = "NX3225GD"; VariantName = "[No Variations]"
Change component parameters (AddParameter): Name = "PrintData"; Value = "#NAME?"; VariantName = "[No Variations]"
Change component parameters (AddParameter): Name = "RefDes"; Value = "RefDes"; VariantName = "[No Variations]"
Change component parameters (AddParameter): Name = "Tolerance"; Value = "150/50 ppm"; VariantName = "[No Variations]"
Change component parameters (AddParameter): Name = "Type"; Value = "–езонатор кварцевый"; VariantName = "[No Variations]"
Change component parameters (AddParameter): Name = "Value"; Value = "8 ћ√ц"; VariantName = "[No Variations]"
Change component parameters: Designator = "ZQ2"; Footprint = "NX3225GA-16.000M"; UniqueID = "\KIPNZCKP"
Change component parameters. Clean all parameters for all variants
Change component parameters (AddParameter): Name = "Built_By"; Value = "EMA_Cory"; VariantName = "[No Variations]"
Change component parameters (AddParameter): Name = "Capacity"; Value = "16 п‘"; VariantName = "[No Variations]"
Change component parameters (AddParameter): Name = "Copyright"; Value = "Copyright (C) 2018 Accelerated Designs. All rights reserved"; VariantName = "[No Variations]"
Change component parameters (AddParameter): Name = "Manufacturer"; Value = "NDK America (—Ўј)"; VariantName = "[No Variations]"
Change component parameters (AddParameter): Name = "PartNumber"; Value = "NX3225GA"; VariantName = "[No Variations]"
Change component parameters (AddParameter): Name = "PrintData"; Value = "#NAME?"; VariantName = "[No Variations]"
Change component parameters (AddParameter): Name = "RefDes"; Value = "RefDes"; VariantName = "[No Variations]"
Change component parameters (AddParameter): Name = "Tolerance"; Value = "15/10 ppm"; VariantName = "[No Variations]"
Change component parameters (AddParameter): Name = "Type"; Value = "–езонатор кварцевый"; VariantName = "[No Variations]"
Change component parameters (AddParameter): Name = "Value"; Value = "32 ћ√ц"; VariantName = "[No Variations]"
Added Room: Name=Scheme
