Added Member To Class: ClassName=Scheme Member=Component A1 ACAG1204-433-T
Added Member To Class: ClassName=Scheme Member=Component C1 Ceramic_0402
Added Member To Class: ClassName=Scheme Member=Component C2 Ceramic_0402
Added Member To Class: ClassName=Scheme Member=Component C3 Ceramic_0402
Added Member To Class: ClassName=Scheme Member=Component C4 Ceramic_0402
Added Member To Class: ClassName=Scheme Member=Component C5 Ceramic_0402
Added Member To Class: ClassName=Scheme Member=Component C6 Ceramic_0402
Added Member To Class: ClassName=Scheme Member=Component C7 Ceramic_0402
Added Member To Class: ClassName=Scheme Member=Component C8 Ceramic_0402
Added Member To Class: ClassName=Scheme Member=Component C9 Ceramic_0402
Added Member To Class: ClassName=Scheme Member=Component C10 Ceramic_0402
Added Member To Class: ClassName=Scheme Member=Component C11 Ceramic_0402
Added Member To Class: ClassName=Scheme Member=Component C12 Ceramic_0402
Added Member To Class: ClassName=Scheme Member=Component C13 Ceramic_0402
Added Member To Class: ClassName=Scheme Member=Component C14 Ceramic_0402
Added Member To Class: ClassName=Scheme Member=Component C15 Ceramic_0402
Added Member To Class: ClassName=Scheme Member=Component C16 Ceramic_0402
Added Member To Class: ClassName=Scheme Member=Component C17 Ceramic_0402
Added Member To Class: ClassName=Scheme Member=Component C18 Ceramic_0402
Added Member To Class: ClassName=Scheme Member=Component C19 Ceramic_0402
Added Member To Class: ClassName=Scheme Member=Component C20 Ceramic_0402
Added Member To Class: ClassName=Scheme Member=Component C21 Ceramic_0402
Added Member To Class: ClassName=Scheme Member=Component C22 Ceramic_0402
Added Member To Class: ClassName=Scheme Member=Component C23 Ceramic_0402
Added Member To Class: ClassName=Scheme Member=Component C24 Ceramic_0402
Added Member To Class: ClassName=Scheme Member=Component C25 Ceramic_0402
Added Member To Class: ClassName=Scheme Member=Component C26 Ceramic_0402
Added Member To Class: ClassName=Scheme Member=Component C27 Ceramic_0402
Added Member To Class: ClassName=Scheme Member=Component C28 Ceramic_0402
Added Member To Class: ClassName=Scheme Member=Component C29 Ceramic_0402
Added Member To Class: ClassName=Scheme Member=Component C30 Ceramic_0402
Added Member To Class: ClassName=Scheme Member=Component C31 Ceramic_0402
Added Member To Class: ClassName=Scheme Member=Component C32 Ceramic_0402
Added Member To Class: ClassName=Scheme Member=Component DA1 LDL1117S33R
Added Member To Class: ClassName=Scheme Member=Component DD1 STM32L151C6T6
Added Member To Class: ClassName=Scheme Member=Component DD2 CP2102N
Added Member To Class: ClassName=Scheme Member=Component DD3 24LC512-I/SM
Added Member To Class: ClassName=Scheme Member=Component DD4 SX1276IMLTRT
Added Member To Class: ClassName=Scheme Member=Component DD5 ADM3485ARZ
Added Member To Class: ClassName=Scheme Member=Component DD6 SN65HVD232
Added Member To Class: ClassName=Scheme Member=Component J1 =ValueManufacturerPartNumber
Added Member To Class: ClassName=Scheme Member=Component L1 Inductor_0603
Added Member To Class: ClassName=Scheme Member=Component L2 Inductor_0603
Added Member To Class: ClassName=Scheme Member=Component L3 Inductor_0603
Added Member To Class: ClassName=Scheme Member=Component L4 Inductor_0603
Added Member To Class: ClassName=Scheme Member=Component L5 Inductor_0603
Added Member To Class: ClassName=Scheme Member=Component L6 Inductor_0603
Added Member To Class: ClassName=Scheme Member=Component R1 Resistor_0402
Added Member To Class: ClassName=Scheme Member=Component R2 Resistor_0402
Added Member To Class: ClassName=Scheme Member=Component R3 Resistor_0402
Added Member To Class: ClassName=Scheme Member=Component R4 Resistor_0402
Added Member To Class: ClassName=Scheme Member=Component R5 Resistor_0402
Added Member To Class: ClassName=Scheme Member=Component R6 Resistor_0402
Added Member To Class: ClassName=Scheme Member=Component R7 Resistor_0402
Added Member To Class: ClassName=Scheme Member=Component R8 Resistor_0402
Added Member To Class: ClassName=Scheme Member=Component R9 Resistor_0402
Added Member To Class: ClassName=Scheme Member=Component R10 Resistor_0402
Added Member To Class: ClassName=Scheme Member=Component R11 Resistor_0402
Added Member To Class: ClassName=Scheme Member=Component R12 Resistor_0402
Added Member To Class: ClassName=Scheme Member=Component R13 Resistor_0402
Added Member To Class: ClassName=Scheme Member=Component R14 Resistor_0402
Added Member To Class: ClassName=Scheme Member=Component R15 Resistor_0402
Added Member To Class: ClassName=Scheme Member=Component SB1 DS1040-01RT
Added Member To Class: ClassName=Scheme Member=Component SB2 Кнопка тактовая SMD, 6x6x5 мм
Added Member To Class: ClassName=Scheme Member=Component SB3 Кнопка тактовая SMD, 6x6x5 мм
Added Member To Class: ClassName=Scheme Member=Component VB1 AA Battery
Added Member To Class: ClassName=Scheme Member=Component VD1 LED_single
Added Member To Class: ClassName=Scheme Member=Component VD2 LED_single
Added Member To Class: ClassName=Scheme Member=Component VD3 LED_single
Added Member To Class: ClassName=Scheme Member=Component VD4 LED_single
Added Member To Class: ClassName=Scheme Member=Component VD5 LED_single
Added Member To Class: ClassName=Scheme Member=Component VD6 LED_single
Added Member To Class: ClassName=Scheme Member=Component VD7 LED_single
Added Member To Class: ClassName=Scheme Member=Component X1 Connector, 4pin, 2.54mm, 500VAC, 3A
Added Member To Class: ClassName=Scheme Member=Component X2 Разъем micro-USB
Added Member To Class: ClassName=Scheme Member=Component X3 Клеммник трехконтактный, 3pin, 3.5mm, 300VAC, 10A
Added Member To Class: ClassName=Scheme Member=Component X4 Клеммник трехконтактный, 3pin, 3.5mm, 300VAC, 10A
Added Member To Class: ClassName=Scheme Member=Component ZQ1 NX3225GD
Added Member To Class: ClassName=Scheme Member=Component ZQ2 NX3225GA
