Change Component Designator: Old Designator=*7 New Designator=*1
Change Component Designator: Old Designator=*12 New Designator=*2
Change Component Designator: Old Designator=*13 New Designator=*3
Change Component Designator: Old Designator=*14 New Designator=*4
Change Component Designator: Old Designator=*15 New Designator=*5
Change Component Designator: Old Designator=*16 New Designator=*6
Change Component Designator: Old Designator=*17 New Designator=*7
Change Component Designator: Old Designator=*18 New Designator=*8
Change Component Designator: Old Designator=*19 New Designator=*9
Change Component Designator: Old Designator=*20 New Designator=*10
Change Component Designator: Old Designator=A2 New Designator=A1
Change Component Designator: Old Designator=C33 New Designator=C1
Change Component Designator: Old Designator=C34 New Designator=C2
Change Component Designator: Old Designator=C35 New Designator=C3
Change Component Designator: Old Designator=C36 New Designator=C4
Change Component Designator: Old Designator=C37 New Designator=C5
Change Component Designator: Old Designator=C38 New Designator=C6
Change Component Designator: Old Designator=C39 New Designator=C7
Change Component Designator: Old Designator=C40 New Designator=C8
Change Component Designator: Old Designator=C41 New Designator=C9
Change Component Designator: Old Designator=C42 New Designator=C10
Change Component Designator: Old Designator=C43 New Designator=C11
Change Component Designator: Old Designator=C44 New Designator=C12
Change Component Designator: Old Designator=C45 New Designator=C13
Change Component Designator: Old Designator=C46 New Designator=C14
Change Component Designator: Old Designator=C47 New Designator=C15
Change Component Designator: Old Designator=C48 New Designator=C16
Change Component Designator: Old Designator=C49 New Designator=C17
Change Component Designator: Old Designator=C50 New Designator=C18
Change Component Designator: Old Designator=C51 New Designator=C19
Change Component Designator: Old Designator=C52 New Designator=C20
Change Component Designator: Old Designator=C53 New Designator=C21
Change Component Designator: Old Designator=C54 New Designator=C22
Change Component Designator: Old Designator=C55 New Designator=C23
Change Component Designator: Old Designator=C56 New Designator=C24
Change Component Designator: Old Designator=C57 New Designator=C25
Change Component Designator: Old Designator=C58 New Designator=C26
Change Component Designator: Old Designator=C59 New Designator=C27
Change Component Designator: Old Designator=C60 New Designator=C28
Change Component Designator: Old Designator=C61 New Designator=C29
Change Component Designator: Old Designator=C62 New Designator=C30
Change Component Designator: Old Designator=C63 New Designator=C31
Change Component Designator: Old Designator=C64 New Designator=C32
Change Component Designator: Old Designator=DA2 New Designator=DA1
Change Component Designator: Old Designator=DD7 New Designator=DD1
Change Component Designator: Old Designator=DD8 New Designator=DD2
Change Component Designator: Old Designator=DD9 New Designator=DD3
Change Component Designator: Old Designator=DD10 New Designator=DD4
Change Component Designator: Old Designator=DD11 New Designator=DD5
Change Component Designator: Old Designator=DD12 New Designator=DD6
Change Component Designator: Old Designator=J2 New Designator=J1
Change Component Designator: Old Designator=L7 New Designator=L1
Change Component Designator: Old Designator=L8 New Designator=L2
Change Component Designator: Old Designator=L9 New Designator=L3
Change Component Designator: Old Designator=L10 New Designator=L4
Change Component Designator: Old Designator=L11 New Designator=L5
Change Component Designator: Old Designator=L12 New Designator=L6
Change Component Designator: Old Designator=R9 New Designator=R1
Change Component Designator: Old Designator=R10 New Designator=R2
Change Component Designator: Old Designator=R11 New Designator=R3
Change Component Designator: Old Designator=R12 New Designator=R4
Change Component Designator: Old Designator=R13 New Designator=R5
Change Component Designator: Old Designator=R14 New Designator=R6
Change Component Designator: Old Designator=R15 New Designator=R7
Change Component Designator: Old Designator=R16 New Designator=R8
Change Component Designator: Old Designator=SB3 New Designator=SB1
Change Component Designator: Old Designator=SB4 New Designator=SB2
Change Component Designator: Old Designator=VB2 New Designator=VB1
Change Component Designator: Old Designator=X5 New Designator=X1
Change Component Designator: Old Designator=X6 New Designator=X2
Change Component Designator: Old Designator=X7 New Designator=X3
Change Component Designator: Old Designator=X8 New Designator=X4
Change Component Designator: Old Designator=ZQ3 New Designator=ZQ1
Change Component Designator: Old Designator=ZQ4 New Designator=ZQ2
