Replace Part C1 Ceramic_0402 in C:\DIPL\pcb_LORA\LoRaPCB\Sheet1.SchDoc with Ceramic_0402 from Capacitor.IntLib
Replace Part C2 Ceramic_0402 in C:\DIPL\pcb_LORA\LoRaPCB\Sheet1.SchDoc with Ceramic_0402 from Capacitor.IntLib
Replace Part C3 Ceramic_0402 in C:\DIPL\pcb_LORA\LoRaPCB\Sheet1.SchDoc with Ceramic_0402 from Capacitor.IntLib
Replace Part C4 Ceramic_0402 in C:\DIPL\pcb_LORA\LoRaPCB\Sheet1.SchDoc with Ceramic_0402 from Capacitor.IntLib
Replace Part C5 Ceramic_0402 in C:\DIPL\pcb_LORA\LoRaPCB\Sheet1.SchDoc with Ceramic_0402 from Capacitor.IntLib
Replace Part C6 Ceramic_0402 in C:\DIPL\pcb_LORA\LoRaPCB\Sheet1.SchDoc with Ceramic_0402 from Capacitor.IntLib
Replace Part C7 Ceramic_0402 in C:\DIPL\pcb_LORA\LoRaPCB\Sheet1.SchDoc with Ceramic_0402 from Capacitor.IntLib
Replace Part C8 Ceramic_0402 in C:\DIPL\pcb_LORA\LoRaPCB\Sheet1.SchDoc with Ceramic_0402 from Capacitor.IntLib
Replace Part C9 Ceramic_0402 in C:\DIPL\pcb_LORA\LoRaPCB\Sheet1.SchDoc with Ceramic_0402 from Capacitor.IntLib
Replace Part C10 Ceramic_0402 in C:\DIPL\pcb_LORA\LoRaPCB\Sheet1.SchDoc with Ceramic_0402 from Capacitor.IntLib
Replace Part C11 Ceramic_0402 in C:\DIPL\pcb_LORA\LoRaPCB\Sheet1.SchDoc with Ceramic_0402 from Capacitor.IntLib
Replace Part C12 Ceramic_0402 in C:\DIPL\pcb_LORA\LoRaPCB\Sheet1.SchDoc with Ceramic_0402 from Capacitor.IntLib
Replace Part C13 Ceramic_0402 in C:\DIPL\pcb_LORA\LoRaPCB\Sheet1.SchDoc with Ceramic_0402 from Capacitor.IntLib
Replace Part C14 Ceramic_0402 in C:\DIPL\pcb_LORA\LoRaPCB\Sheet1.SchDoc with Ceramic_0402 from Capacitor.IntLib
Replace Part C15 Ceramic_0402 in C:\DIPL\pcb_LORA\LoRaPCB\Sheet1.SchDoc with Ceramic_0402 from Capacitor.IntLib
Replace Part C16 Ceramic_0402 in C:\DIPL\pcb_LORA\LoRaPCB\Sheet1.SchDoc with Ceramic_0402 from Capacitor.IntLib
Replace Part C17 Ceramic_0402 in C:\DIPL\pcb_LORA\LoRaPCB\Sheet1.SchDoc with Ceramic_0402 from Capacitor.IntLib
Replace Part C18 Ceramic_0402 in C:\DIPL\pcb_LORA\LoRaPCB\Sheet1.SchDoc with Ceramic_0402 from Capacitor.IntLib
Replace Part C19 Ceramic_0402 in C:\DIPL\pcb_LORA\LoRaPCB\Sheet1.SchDoc with Ceramic_0402 from Capacitor.IntLib
Replace Part C20 Ceramic_0402 in C:\DIPL\pcb_LORA\LoRaPCB\Sheet1.SchDoc with Ceramic_0402 from Capacitor.IntLib
Replace Part C21 Ceramic_0402 in C:\DIPL\pcb_LORA\LoRaPCB\Sheet1.SchDoc with Ceramic_0402 from Capacitor.IntLib
Replace Part C22 Ceramic_0402 in C:\DIPL\pcb_LORA\LoRaPCB\Sheet1.SchDoc with Ceramic_0402 from Capacitor.IntLib
Replace Part C23 Ceramic_0402 in C:\DIPL\pcb_LORA\LoRaPCB\Sheet1.SchDoc with Ceramic_0402 from Capacitor.IntLib
Replace Part C24 Ceramic_0402 in C:\DIPL\pcb_LORA\LoRaPCB\Sheet1.SchDoc with Ceramic_0402 from Capacitor.IntLib
Replace Part C25 Ceramic_0402 in C:\DIPL\pcb_LORA\LoRaPCB\Sheet1.SchDoc with Ceramic_0402 from Capacitor.IntLib
Replace Part C26 Ceramic_0402 in C:\DIPL\pcb_LORA\LoRaPCB\Sheet1.SchDoc with Ceramic_0402 from Capacitor.IntLib
Replace Part C27 Ceramic_0402 in C:\DIPL\pcb_LORA\LoRaPCB\Sheet1.SchDoc with Ceramic_0402 from Capacitor.IntLib
Replace Part C28 Ceramic_0402 in C:\DIPL\pcb_LORA\LoRaPCB\Sheet1.SchDoc with Ceramic_0402 from Capacitor.IntLib
Replace Part C29 Ceramic_0402 in C:\DIPL\pcb_LORA\LoRaPCB\Sheet1.SchDoc with Ceramic_0402 from Capacitor.IntLib
Replace Part C30 Ceramic_0402 in C:\DIPL\pcb_LORA\LoRaPCB\Sheet1.SchDoc with Ceramic_0402 from Capacitor.IntLib
Replace Part C31 Ceramic_0402 in C:\DIPL\pcb_LORA\LoRaPCB\Sheet1.SchDoc with Ceramic_0402 from Capacitor.IntLib
Replace Part C32 Ceramic_0402 in C:\DIPL\pcb_LORA\LoRaPCB\Sheet1.SchDoc with Ceramic_0402 from Capacitor.IntLib
Replace Part DD2 CP2102N in C:\DIPL\pcb_LORA\LoRaPCB\Sheet1.SchDoc with CP2102N from IC. Interface.IntLib
Replace Part L1 Inductor_0603 in C:\DIPL\pcb_LORA\LoRaPCB\Sheet1.SchDoc with Inductor_0603 from Inductor.IntLib
Replace Part L2 Inductor_0603 in C:\DIPL\pcb_LORA\LoRaPCB\Sheet1.SchDoc with Inductor_0603 from Inductor.IntLib
Replace Part L3 Inductor_0603 in C:\DIPL\pcb_LORA\LoRaPCB\Sheet1.SchDoc with Inductor_0603 from Inductor.IntLib
Replace Part L4 Inductor_0603 in C:\DIPL\pcb_LORA\LoRaPCB\Sheet1.SchDoc with Inductor_0603 from Inductor.IntLib
Replace Part L5 Inductor_0603 in C:\DIPL\pcb_LORA\LoRaPCB\Sheet1.SchDoc with Inductor_0603 from Inductor.IntLib
Replace Part L6 Inductor_0603 in C:\DIPL\pcb_LORA\LoRaPCB\Sheet1.SchDoc with Inductor_0603 from Inductor.IntLib
Replace Part R1 Resistor_0402 in C:\DIPL\pcb_LORA\LoRaPCB\Sheet1.SchDoc with Resistor_0402 from Resistor.IntLib
Replace Part R2 Resistor_0402 in C:\DIPL\pcb_LORA\LoRaPCB\Sheet1.SchDoc with Resistor_0402 from Resistor.IntLib
Replace Part R3 Resistor_0402 in C:\DIPL\pcb_LORA\LoRaPCB\Sheet1.SchDoc with Resistor_0402 from Resistor.IntLib
Replace Part R4 Resistor_0402 in C:\DIPL\pcb_LORA\LoRaPCB\Sheet1.SchDoc with Resistor_0402 from Resistor.IntLib
Replace Part R5 Resistor_0402 in C:\DIPL\pcb_LORA\LoRaPCB\Sheet1.SchDoc with Resistor_0402 from Resistor.IntLib
Replace Part R6 Resistor_0402 in C:\DIPL\pcb_LORA\LoRaPCB\Sheet1.SchDoc with Resistor_0402 from Resistor.IntLib
Replace Part R7 Resistor_0402 in C:\DIPL\pcb_LORA\LoRaPCB\Sheet1.SchDoc with Resistor_0402 from Resistor.IntLib
Replace Part R8 Resistor_0402 in C:\DIPL\pcb_LORA\LoRaPCB\Sheet1.SchDoc with Resistor_0402 from Resistor.IntLib
Replace Part SB1 Button_tactile in C:\DIPL\pcb_LORA\LoRaPCB\Sheet1.SchDoc with Button_tactile from Electromechanics.IntLib
Replace Part SB2 Button_tactile in C:\DIPL\pcb_LORA\LoRaPCB\Sheet1.SchDoc with Button_tactile from Electromechanics.IntLib
Replace Part X1 PLS-4 in C:\DIPL\pcb_LORA\LoRaPCB\Sheet1.SchDoc with PLS-4 from Connector.IntLib
Replace Part X2 Connector_USB_micro_B in C:\DIPL\pcb_LORA\LoRaPCB\Sheet1.SchDoc with Connector_USB_micro_B from Connector.IntLib
Replace Part X3 Connector_terminal_3pin in C:\DIPL\pcb_LORA\LoRaPCB\Sheet1.SchDoc with Connector_terminal_3pin from Connector.IntLib
Replace Part X4 Connector_terminal_3pin in C:\DIPL\pcb_LORA\LoRaPCB\Sheet1.SchDoc with Connector_terminal_3pin from Connector.IntLib
Replace Part ZQ1 Crystal_3225 in C:\DIPL\pcb_LORA\LoRaPCB\Sheet1.SchDoc with Crystal_3225 from Oscilator.IntLib
Replace Part ZQ2 Crystal_3225 in C:\DIPL\pcb_LORA\LoRaPCB\Sheet1.SchDoc with Crystal_3225 from Oscilator.IntLib
